error: error number 0
  --> $DIR/03-expand-four-errors.rs:19:1
   |
19 | / seq!(N in 0..4 {
20 | |     compile_error!(concat!("error number ", stringify!(N)));
21 | | });
   | |___^
   |
   = note: this error originates in a macro (in Nightly builds, run with -Z macro-backtrace for more info)

error: error number 1
  --> $DIR/03-expand-four-errors.rs:19:1
   |
19 | / seq!(N in 0..4 {
20 | |     compile_error!(concat!("error number ", stringify!(N)));
21 | | });
   | |___^
   |
   = note: this error originates in a macro (in Nightly builds, run with -Z macro-backtrace for more info)

error: error number 2
  --> $DIR/03-expand-four-errors.rs:19:1
   |
19 | / seq!(N in 0..4 {
20 | |     compile_error!(concat!("error number ", stringify!(N)));
21 | | });
   | |___^
   |
   = note: this error originates in a macro (in Nightly builds, run with -Z macro-backtrace for more info)

error: error number 3
  --> $DIR/03-expand-four-errors.rs:19:1
   |
19 | / seq!(N in 0..4 {
20 | |     compile_error!(concat!("error number ", stringify!(N)));
21 | | });
   | |___^
   |
   = note: this error originates in a macro (in Nightly builds, run with -Z macro-backtrace for more info)
